"../../../../../GameDesign/MGJ2025_MGSStealthGame/Content/Malhar_TestMap.uasset" 0
"../../../../../GameDesign/MGJ2025_MGSStealthGame/Content/Maps/Malhar_TestMap_BuiltData.uasset" 1
"../../../../../GameDesign/MGJ2025_MGSStealthGame/Content/Malhar_TestMap_BuiltData.uasset" 2
"../../../../../GameDesign/MGJ2025_MGSStealthGame/Content/NewMap.uasset" 3
"../../../../../GameDesign/MGJ2025_MGSStealthGame/Content/Maps/NewMap_BuiltData.uasset" 4
"../../../../../GameDesign/MGJ2025_MGSStealthGame/Content/NewMap_BuiltData.uasset" 5
"../../../Engine/Content/EngineMeshes/Humanoid.uasset" 6
"../../../../../GameDesign/MGJ2025_MGSStealthGame/Content/Models/Skeletal/Test_MagicalGirl/Test_Girl_Rig_Skeleton.uasset" 7
"../../../../../GameDesign/MGJ2025_MGSStealthGame/Content/Models/Skeletal/Test_MagicalGirl/Anim/MagicalGirl_Anim_Crouch.uasset" 8
"../../../../../GameDesign/MGJ2025_MGSStealthGame/Content/Models/Skeletal/Test_MagicalGirl/Anim/MagicalGirl_Anim_Death.uasset" 9
"../../../../../GameDesign/MGJ2025_MGSStealthGame/Content/Models/Skeletal/Test_MagicalGirl/Anim/MagicalGirl_Anim_Idle.uasset" 10
"../../../../../GameDesign/MGJ2025_MGSStealthGame/Content/Models/Skeletal/Test_MagicalGirl/Anim/MagicalGirl_Anim_Run.uasset" 11
"../../../../../GameDesign/MGJ2025_MGSStealthGame/Content/Models/Skeletal/Test_MagicalGirl/Anim/MagicalGirl_Anim_Walk.uasset" 12
"../../../../../GameDesign/MGJ2025_MGSStealthGame/Content/Models/Skeletal/Test_MagicalGirl/Anim/BS_Test_MagicalGirl_IdleWalkRun.uasset" 13
"../../../../../GameDesign/MGJ2025_MGSStealthGame/Content/Models/Skeletal/Test_MagicalGirl/Anim/MagicalGirl_Anim_CrawlIdle.uasset" 14
"../../../../../GameDesign/MGJ2025_MGSStealthGame/Content/Models/Skeletal/Test_MagicalGirl/Anim/Mixamo_Low_Crawl.uasset" 15
"../../../../../GameDesign/MGJ2025_MGSStealthGame/Content/Models/Skeletal/Test_MagicalGirl/Anim/BS_TestMagicalGirl_Crawl.uasset" 16
"../../../../../GameDesign/MGJ2025_MGSStealthGame/Content/Models/Skeletal/Test_MagicalGirl/Anim/MagicalGirl_Anim_WallIdle.uasset" 17
"../../../../../GameDesign/MGJ2025_MGSStealthGame/Content/Models/Skeletal/Test_MagicalGirl/Anim/MagicalGirl_Anim_WallShuffleLeft.uasset" 18
"../../../../../GameDesign/MGJ2025_MGSStealthGame/Content/Models/Skeletal/Test_MagicalGirl/Anim/MagicalGirl_Anim_WallShuffleRight.uasset" 19
"../../../../../GameDesign/MGJ2025_MGSStealthGame/Content/Models/Skeletal/Test_MagicalGirl/Anim/BS_MagicGirl_WallMovement.uasset" 20
"../../../../../GameDesign/MGJ2025_MGSStealthGame/Content/Blueprints/PlayerCharacter/E_MovementState.uasset" 21
"../../../../../GameDesign/MGJ2025_MGSStealthGame/Content/Models/Skeletal/Test_MagicalGirl/Anim/ABP_TestMagicalGirl.uasset" 22
"../../../../../GameDesign/MGJ2025_MGSStealthGame/Content/Models/Skeletal/Test_MagicalGirl/Anim/MagicalGirl_Anim_Death_Montage.uasset" 23
"../../../../../GameDesign/MGJ2025_MGSStealthGame/Content/Models/Skeletal/Test_MagicalGirl/Anim/MagicalGirl_Anim_StandFromCrawl.uasset" 24
"../../../../../GameDesign/MGJ2025_MGSStealthGame/Content/Models/Skeletal/Test_MagicalGirl/Anim/MagicalGirl_Anim_StandFromCrawl_Montage.uasset" 25
"../../../../../GameDesign/MGJ2025_MGSStealthGame/Content/Models/Skeletal/Test_MagicalGirl/Anim/MagicalGirl_Anim_WallKnock.uasset" 26
"../../../../../GameDesign/MGJ2025_MGSStealthGame/Content/Models/Skeletal/Test_MagicalGirl/Anim/MagicalGirl_Anim_WallKnock_Montage.uasset" 27
"../../../../../GameDesign/MGJ2025_MGSStealthGame/Content/Models/Skeletal/Test_MagicalGirl/Anim/Mixamo_Sprinting_Forward_Roll.uasset" 28
"../../../../../GameDesign/MGJ2025_MGSStealthGame/Content/Models/Skeletal/Test_MagicalGirl/Anim/Mixamo_Sprinting_Forward_Roll_Montage.uasset" 29
"../../../../../GameDesign/MGJ2025_MGSStealthGame/Content/Models/Skeletal/Test_MagicalGirl/Anim/Mixamo_Standing_Up.uasset" 30
"../../../../../GameDesign/MGJ2025_MGSStealthGame/Content/Models/Skeletal/Test_MagicalGirl/Anim/Mixamo_Standing_Up_Montage.uasset" 31
"../../../../../GameDesign/MGJ2025_MGSStealthGame/Content/Models/Skeletal/Test_MagicalGirl/Anim/Mixamo_Sweep_Fall.uasset" 32
"../../../../../GameDesign/MGJ2025_MGSStealthGame/Content/Models/Skeletal/Test_MagicalGirl/Anim/Mixamo_Sweep_Fall_Montage.uasset" 33
"../../../Engine/Content/EditorBlueprintResources/StandardMacros.uasset" 34
"../../../../../GameDesign/MGJ2025_MGSStealthGame/Content/Blueprints/DamageSystem/E_DamageResponse.uasset" 35
"../../../../../GameDesign/MGJ2025_MGSStealthGame/Content/Blueprints/DamageSystem/E_DamageType.uasset" 36
"../../../../../GameDesign/MGJ2025_MGSStealthGame/Content/Blueprints/DamageSystem/S_DamageInfo.uasset" 37
"../../../../../GameDesign/MGJ2025_MGSStealthGame/Content/Blueprints/DamageSystem/BP_Damageable.uasset" 38
"../../../../../GameDesign/MGJ2025_MGSStealthGame/Content/Blueprints/DamageSystem/BPC_DamageSystem.uasset" 39
"../../../../../GameDesign/MGJ2025_MGSStealthGame/Content/Audio/SoundEffects/Gunshots/GunShot_BBC_0009046.uasset" 40
"../../../../../GameDesign/MGJ2025_MGSStealthGame/Content/Audio/SoundEffects/Gunshots/GunShot_BBC_0009046_Cue.uasset" 41
"../../../../../GameDesign/MGJ2025_MGSStealthGame/Content/Materials/Trails/M_Trail.uasset" 42
"../../../../../GameDesign/MGJ2025_MGSStealthGame/Content/Materials/Trails/MI_Trail_01.uasset" 43
"../../../../../GameDesign/MGJ2025_MGSStealthGame/Content/Blueprints/DamageSystem/Projectiles/P_BulletTrail.uasset" 44
"../../../../../GameDesign/MGJ2025_MGSStealthGame/Content/Materials/CelShader/CelShadeLight/ParameterCollections/LightTypeAngleLocation.uasset" 45
"../../../../../GameDesign/MGJ2025_MGSStealthGame/Content/Materials/CelShader/MasterMaterials/Textures/DefaultNormal.uasset" 46
"../../../../../GameDesign/MGJ2025_MGSStealthGame/Content/Materials/CelShader/MasterMaterials/M_CelShadeSimple_master.uasset" 47
"../../../../../GameDesign/MGJ2025_MGSStealthGame/Content/Models/Static/Bullets/MI_CelShadeSimple_Bullet_01.uasset" 48
"../../../../../GameDesign/MGJ2025_MGSStealthGame/Content/Models/Static/Bullets/Bullet_MachineGun.uasset" 49
"../../../../../GameDesign/MGJ2025_MGSStealthGame/Content/Blueprints/DamageSystem/Projectiles/BP_Bullet_Parent.uasset" 50
"../../../../../GameDesign/MGJ2025_MGSStealthGame/Content/Blueprints/GameInstance/MagicalGirl_GameInstance.uasset" 51
"../../../../../GameDesign/MGJ2025_MGSStealthGame/Content/Blueprints/GameMode/E_AlertStates.uasset" 52
"../../../../../GameDesign/MGJ2025_MGSStealthGame/Content/Blueprints/GameMode/BP_GameMode_Parent.uasset" 53
"../../../../../GameDesign/MGJ2025_MGSStealthGame/Content/Blueprints/Enemy/AI/Enums/E_AiSense.uasset" 54
"../../../../../GameDesign/MGJ2025_MGSStealthGame/Content/Blueprints/Enemy/AI/Enums/E_AiStates.uasset" 55
"../../../../../GameDesign/MGJ2025_MGSStealthGame/Content/Blueprints/Enemy/AI/AIC_EnemyBase.uasset" 56
"../../../../../GameDesign/MGJ2025_MGSStealthGame/Content/Blueprints/PlayerCharacter/E_WallHugState.uasset" 57
"../../../../../GameDesign/MGJ2025_MGSStealthGame/Content/Blueprints/PlayerCharacter/BP_WallHugComponent.uasset" 58
"../../../Engine/Content/Functions/Engine_MaterialFunctions01/Vectors/RotateVector.uasset" 59
"../../../Engine/Content/Functions/Engine_MaterialFunctions02/Utility/BreakOutFloat3Components.uasset" 60
"../../../Engine/Content/Functions/Engine_MaterialFunctions02/Utility/VectorLength.uasset" 61
"../../../../../GameDesign/MGJ2025_MGSStealthGame/Content/Materials/CelShader/MaterialFunctions/MF_EqualFloat.uasset" 62
"../../../../../GameDesign/MGJ2025_MGSStealthGame/Content/Materials/CelShader/MaterialFunctions/MF_CelColor.uasset" 63
"../../../../../GameDesign/MGJ2025_MGSStealthGame/Content/Materials/CelShader/MaterialFunctions/MF_LightFalloff.uasset" 64
"../../../../../GameDesign/MGJ2025_MGSStealthGame/Content/Materials/CelShader/MaterialFunctions/MF_NotEqualFloat.uasset" 65
"../../../../../GameDesign/MGJ2025_MGSStealthGame/Content/Materials/CelShader/CelShadeLight/ParameterCollections/LightIntensityFalloffColor.uasset" 66
"../../../../../GameDesign/MGJ2025_MGSStealthGame/Content/Materials/CelShader/MaterialFunctions/MF_MergeCelLightChannels.uasset" 67
"../../../../../GameDesign/MGJ2025_MGSStealthGame/Content/Materials/CelShader/MasterMaterials/M_CelShade_master.uasset" 68
"../../../../../GameDesign/MGJ2025_MGSStealthGame/Content/Materials/CelShader/MaterialInstances/M_CelShade_Inst.uasset" 69
"../../../../../GameDesign/MGJ2025_MGSStealthGame/Content/Materials/CelShader/MaterialInstances/M_CelShade_Inst_AnimeSkin_001.uasset" 70
"../../../../../GameDesign/MGJ2025_MGSStealthGame/Content/Textures/T_RedBox.uasset" 71
"../../../../../GameDesign/MGJ2025_MGSStealthGame/Content/Blueprints/HUD/BP_PlayerHUD.uasset" 72
"../../../Engine/Content/VREditor/Sounds/UI/Click_on_Button_Cue.uasset" 73
"../../../../../GameDesign/MGJ2025_MGSStealthGame/Content/Models/Skeletal/Test_MagicalGirl/Test_Girl_Rig_PhysicsAsset.uasset" 74
"../../../../../GameDesign/MGJ2025_MGSStealthGame/Content/Models/Skeletal/Test_MagicalGirl/Test_Girl_Rig.uasset" 75
"../../../../../GameDesign/MGJ2025_MGSStealthGame/Content/Blueprints/PlayerCharacter/BP_PlayerCharacter.uasset" 76
"../../../../../GameDesign/MGJ2025_MGSStealthGame/Content/Models/Skeletal/Test_MagicalGirl/Anim/ABP_Test_Enemy.uasset" 77
"../../../../../GameDesign/MGJ2025_MGSStealthGame/Content/Models/Skeletal/Test_MagicalGirl/Anim/Mixamo_Gunplay.uasset" 78
"../../../../../GameDesign/MGJ2025_MGSStealthGame/Content/Models/Skeletal/Test_MagicalGirl/Anim/Mixamo_Gunplay_Montage.uasset" 79
"../../../../../GameDesign/MGJ2025_MGSStealthGame/Content/Models/Skeletal/Test_MagicalGirl/Anim/Mixamo_Standing_Melee_Attack_Kick_Ver__2.uasset" 80
"../../../../../GameDesign/MGJ2025_MGSStealthGame/Content/Models/Skeletal/Test_MagicalGirl/Anim/Mixamo_Standing_Melee_Attack_Kick_Ver__2_Montage.uasset" 81
"../../../../../GameDesign/MGJ2025_MGSStealthGame/Content/Models/Skeletal/Test_MagicalGirl/Anim/Mixamo_Stomp.uasset" 82
"../../../../../GameDesign/MGJ2025_MGSStealthGame/Content/Models/Skeletal/Test_MagicalGirl/Anim/Mixamo_Stomp_Montage.uasset" 83
"../../../../../GameDesign/MGJ2025_MGSStealthGame/Content/Blueprints/Enemy/AI/BehaviourTrees/BB_EnemyBase.uasset" 84
"../../../../../GameDesign/MGJ2025_MGSStealthGame/Content/Blueprints/Enemy/AI/Tasks/BTT_ClearFocus.uasset" 85
"../../../../../GameDesign/MGJ2025_MGSStealthGame/Content/Blueprints/Enemy/AI/Tasks/BTT_FocusTarget.uasset" 86
"../../../../../GameDesign/MGJ2025_MGSStealthGame/Content/Blueprints/Enemy/AI/BP_PatrolRoute.uasset" 87
"../../../../../GameDesign/MGJ2025_MGSStealthGame/Content/Blueprints/Enemy/AI/Enums/E_MovementSpeed.uasset" 88
"../../../../../GameDesign/MGJ2025_MGSStealthGame/Content/Blueprints/Enemy/AI/BPI_EnemyAi.uasset" 89
"../../../../../GameDesign/MGJ2025_MGSStealthGame/Content/Blueprints/Enemy/AI/Tasks/BTT_SetMovementSpeed.uasset" 90
"../../../../../GameDesign/MGJ2025_MGSStealthGame/Content/Blueprints/Enemy/AI/Tasks/BTT_SetStateAsPassive.uasset" 91
"../../../../../GameDesign/MGJ2025_MGSStealthGame/Content/Blueprints/Enemy/AI/BehaviourTrees/SubTrees/BT_SubTree_Investigating.uasset" 92
"../../../../../GameDesign/MGJ2025_MGSStealthGame/Content/Blueprints/Enemy/AI/Tasks/BTT_MeleeAttack.uasset" 93
"../../../../../GameDesign/MGJ2025_MGSStealthGame/Content/Blueprints/Enemy/AI/BehaviourTrees/SubTrees/BT_SubTree_MeleeAttack.uasset" 94
"../../../../../GameDesign/MGJ2025_MGSStealthGame/Content/Blueprints/Enemy/AI/Decorators/BTD_HasPatrolRoute.uasset" 95
"../../../../../GameDesign/MGJ2025_MGSStealthGame/Content/Blueprints/Enemy/AI/Tasks/BTT_MoveAlongPatrolRoute.uasset" 96
"../../../../../GameDesign/MGJ2025_MGSStealthGame/Content/Blueprints/Enemy/AI/BehaviourTrees/SubTrees/BT_SubTree_Passive_Patrol.uasset" 97
"../../../../../GameDesign/MGJ2025_MGSStealthGame/Content/Blueprints/Enemy/AI/Decorators/BTD_CanSeeTarget.uasset" 98
"../../../../../GameDesign/MGJ2025_MGSStealthGame/Content/Blueprints/Enemy/AI/Tasks/BTT_RangeAttack.uasset" 99
"../../../../../GameDesign/MGJ2025_MGSStealthGame/Content/Blueprints/Enemy/AI/BehaviourTrees/SubTrees/BT_SubTree_RangedAttack.uasset" 100
"../../../../../GameDesign/MGJ2025_MGSStealthGame/Content/Blueprints/Enemy/AI/Decorators/BTD_AttackTargetClose.uasset" 101
"../../../../../GameDesign/MGJ2025_MGSStealthGame/Content/Blueprints/Enemy/AI/Services/BTS_StopAttackingIfTargetDead.uasset" 102
"../../../../../GameDesign/MGJ2025_MGSStealthGame/Content/Blueprints/Enemy/AI/BehaviourTrees/BT_EnemyBase.uasset" 103
"../../../../../GameDesign/MGJ2025_MGSStealthGame/Content/Materials/CelShader/MaterialInstances/M_CelShade_Red_001.uasset" 104
"../../../../../GameDesign/MGJ2025_MGSStealthGame/Content/Blueprints/Enemy/BP_Enemy_Parent.uasset" 105
"../../../../../GameDesign/MGJ2025_MGSStealthGame/Content/Blueprints/Enemy/AI/BehaviourTrees/BT_Enemy_Melee.uasset" 106
"../../../../../GameDesign/MGJ2025_MGSStealthGame/Content/Materials/CelShader/MaterialInstances/M_CelShade_Blue_001.uasset" 107
"../../../../../GameDesign/MGJ2025_MGSStealthGame/Content/Blueprints/Enemy/BP_Enemy_Child_Melee.uasset" 108
"../../../../../GameDesign/MGJ2025_MGSStealthGame/Content/Blueprints/Enemy/AI/BehaviourTrees/SubTrees/BT_SubTree_Frozen.uasset" 109
"../../../../../GameDesign/MGJ2025_MGSStealthGame/Content/Blueprints/PlayerCharacter/BP_PlayerCamera.uasset" 110
"../../../Engine/Content/EngineFonts/RobotoDistanceField.uasset" 111
"../../../Engine/Content/EngineMaterials/UnlitText.uasset" 112
"../../../../../GameDesign/MGJ2025_MGSStealthGame/Content/Materials/CelShader/CelShadeLight/Enum/LightTypes.uasset" 113
"../../../../../GameDesign/MGJ2025_MGSStealthGame/Content/Materials/CelShader/CelShadeLight/Icons/cel_icon_area.uasset" 114
"../../../../../GameDesign/MGJ2025_MGSStealthGame/Content/Materials/CelShader/CelShadeLight/Icons/cel_icon_directional.uasset" 115
"../../../../../GameDesign/MGJ2025_MGSStealthGame/Content/Materials/CelShader/CelShadeLight/Icons/cel_icon_point.uasset" 116
"../../../../../GameDesign/MGJ2025_MGSStealthGame/Content/Materials/CelShader/CelShadeLight/Icons/cel_icon_shadow.uasset" 117
"../../../../../GameDesign/MGJ2025_MGSStealthGame/Content/Materials/CelShader/CelShadeLight/Icons/cel_icon_spot.uasset" 118
"../../../../../GameDesign/MGJ2025_MGSStealthGame/Content/Materials/CelShader/CelShadeLight/Blueprints/CelShadeLight.uasset" 119
"../../../../../GameDesign/MGJ2025_MGSStealthGame/Content/Materials/CelShader/MaterialInstances/MI_CelShadeSimple_Pink.uasset" 120
"../../../../../GameDesign/MGJ2025_MGSStealthGame/Content/Materials/CelShader/MaterialInstances/M_CelShadeSimple_Inst.uasset" 121
"../../../../../GameDesign/MGJ2025_MGSStealthGame/Content/Materials/CelShader/MaterialInstances/M_CelShade__AnimeSkin_001.uasset" 122
"../../../Engine/Content/Functions/Engine_MaterialFunctions02/Utility/MakeFloat2.uasset" 123
"../../../../../GameDesign/MGJ2025_MGSStealthGame/Content/Materials/CelShader/MasterMaterials/Textures/T_PerlinNoise.uasset" 124
"../../../../../GameDesign/MGJ2025_MGSStealthGame/Content/Materials/CelShader/MasterMaterials/M_Outline_master.uasset" 125
"../../../../../GameDesign/MGJ2025_MGSStealthGame/Content/Materials/CelShader/MaterialInstances/M_Outline_Inst.uasset" 126
"../../../../../GameDesign/MGJ2025_MGSStealthGame/Content/Materials/CelShader/MasterMaterials/M_Outline_TwoSided_master.uasset" 127
"../../../../../GameDesign/MGJ2025_MGSStealthGame/Content/Materials/CelShader/MaterialInstances/M_Outline_TwoSided_Inst.uasset" 128
"../../../Engine/Content/Functions/Engine_MaterialFunctions02/Math/AddComponents.uasset" 129
"../../../../../GameDesign/MGJ2025_MGSStealthGame/Content/Materials/CelShader/MasterMaterials/PP_Outline_master.uasset" 130
"../../../../../GameDesign/MGJ2025_MGSStealthGame/Content/Materials/CelShader/MaterialInstances/PP_Outline_Inst.uasset" 131
"../../../../../GameDesign/MGJ2025_MGSStealthGame/Content/Materials/CelShader/MaterialInstances/PP_Outline_Inst_02.uasset" 132
"../../../Engine/Content/Functions/Engine_MaterialFunctions02/Texturing/ScreenAlignedPixelToPixelUVs.uasset" 133
"../../../Engine/Content/EngineMaterials/Good64x64TilingNoiseHighFreq.uasset" 134
"../../../Engine/Content/Functions/Engine_MaterialFunctions02/Utility/DitherTemporalAA.uasset" 135
"../../../../../GameDesign/MGJ2025_MGSStealthGame/Content/Materials/OcclusionMasking/M_Mask.uasset" 136
"../../../../../GameDesign/MGJ2025_MGSStealthGame/Content/Materials/Walls/T_Wall_Door_01.uasset" 137
"../../../Engine/Content/Functions/Engine_MaterialFunctions01/Gradient/LinearGradient.uasset" 138
"../../../Engine/Content/Functions/Engine_MaterialFunctions01/ImageAdjustment/CheapContrast.uasset" 139
"../../../Engine/Content/EngineMaterials/DefaultDiffuse.uasset" 140
"../../../Engine/Content/Functions/Engine_MaterialFunctions01/Texturing/WorldAlignedTexture.uasset" 141
"../../../../../GameDesign/MGJ2025_MGSStealthGame/Content/Materials/WorldAligned/M_WorldAligned.uasset" 142
"../../../../../GameDesign/MGJ2025_MGSStealthGame/Content/Textures/Floor/T_Floor_tile3.uasset" 143
"../../../../../GameDesign/MGJ2025_MGSStealthGame/Content/Materials/WorldAligned/MI_WorldAligned_Inst_Floor_03.uasset" 144
"../../../../../GameDesign/MGJ2025_MGSStealthGame/Content/Textures/Floor/T_Floor_tile4.uasset" 145
"../../../../../GameDesign/MGJ2025_MGSStealthGame/Content/Materials/WorldAligned/MI_WorldAligned_Inst_Floor_04.uasset" 146
"../../../../../GameDesign/MGJ2025_MGSStealthGame/Content/Textures/Floor/T_Floor_tile5.uasset" 147
"../../../../../GameDesign/MGJ2025_MGSStealthGame/Content/Materials/WorldAligned/MI_WorldAligned_Inst_Floor_05.uasset" 148
"../../../../../GameDesign/MGJ2025_MGSStealthGame/Content/Textures/Floor/T_Floor_Ground1.uasset" 149
"../../../../../GameDesign/MGJ2025_MGSStealthGame/Content/Materials/WorldAligned/MI_WorldAligned_Inst_Floor_06.uasset" 150
"../../../../../GameDesign/MGJ2025_MGSStealthGame/Content/Textures/Floor/T_Floor_tile1.uasset" 151
"../../../../../GameDesign/MGJ2025_MGSStealthGame/Content/Materials/WorldAligned/MI_WorldAligned_Inst_Floor_01.uasset" 152
"../../../../../GameDesign/MGJ2025_MGSStealthGame/Content/Materials/WorldAligned/MI_WorldRepeat_Inst_Floor_01.uasset" 153
"../../../../../GameDesign/MGJ2025_MGSStealthGame/Content/Textures/Floor/T_Floor_tile2.uasset" 154
"../../../../../GameDesign/MGJ2025_MGSStealthGame/Content/Materials/WorldAligned/MI_WorldAligned_Inst_Floor_02.uasset" 155
"../../../../../GameDesign/MGJ2025_MGSStealthGame/Content/Materials/WorldAligned/MI_WorldRepeat_Inst_Floor_02.uasset" 156
"../../../../../GameDesign/MGJ2025_MGSStealthGame/Content/Materials/WorldAligned/M_WorldRepeat.uasset" 157
"../../../../../GameDesign/MGJ2025_MGSStealthGame/Content/Textures/Wall/T_Wall_metalgen1.uasset" 158
"../../../../../GameDesign/MGJ2025_MGSStealthGame/Content/Materials/WorldAligned/MI_WorldAligned_Inst_Wall_01.uasset" 159
"../../../../../GameDesign/MGJ2025_MGSStealthGame/Content/Materials/WorldAligned/MI_WorldRepeat_Inst_Wall_01.uasset" 160
"../../../../../GameDesign/MGJ2025_MGSStealthGame/Content/Textures/Wall/T_Wall_metalgen2.uasset" 161
"../../../../../GameDesign/MGJ2025_MGSStealthGame/Content/Materials/WorldAligned/MI_WorldAligned_Inst_Wall_02.uasset" 162
"../../../../../GameDesign/MGJ2025_MGSStealthGame/Content/Materials/WorldAligned/MI_WorldRepeat_Inst_Wall_02.uasset" 163
"../../../../../GameDesign/MGJ2025_MGSStealthGame/Content/Models/Skeletal/Test_MagicalGirl/Anim/MagicalGirl_Anim_Jump.uasset" 164
"../../../../../GameDesign/MGJ2025_MGSStealthGame/Content/Models/Skeletal/Test_MagicalGirl/Anim/MagicalGirl_Anim_Pain01.uasset" 165
"../../../../../GameDesign/MGJ2025_MGSStealthGame/Content/Models/Skeletal/Test_MagicalGirl/Anim/MagicalGirl_Anim_Pain02.uasset" 166
"../../../../../GameDesign/MGJ2025_MGSStealthGame/Content/Models/Skeletal/Test_MagicalGirl/Anim/MagicalGirl_Anim_Pain03.uasset" 167
"../../../../../GameDesign/MGJ2025_MGSStealthGame/Content/Models/Skeletal/Test_MagicalGirl/Anim/MagicalGirl_Anim_PhoneIdle.uasset" 168
"../../../../../GameDesign/MGJ2025_MGSStealthGame/Content/Models/Skeletal/Test_MagicalGirl/Anim/MagicalGirl_Anim_WallPeerLeft.uasset" 169
"../../../../../GameDesign/MGJ2025_MGSStealthGame/Content/Models/Skeletal/Test_MagicalGirl/Anim/MagicalGirl_Anim_WallPeerRight.uasset" 170
"../../../../../GameDesign/MGJ2025_MGSStealthGame/Content/Models/Skeletal/Test_MagicalGirl/Anim/Mixamo_Dive_Roll_V2.uasset" 171
"../../../../../GameDesign/MGJ2025_MGSStealthGame/Content/Models/Skeletal/Test_MagicalGirl/Anim/Mixamo_Dive_Roll_V2_Montage.uasset" 172
"../../../../../GameDesign/MGJ2025_MGSStealthGame/Content/Models/Skeletal/Test_MagicalGirl/Anim/Mixamo_Rifle_Punch.uasset" 173
"../../../../../GameDesign/MGJ2025_MGSStealthGame/Content/Models/Skeletal/Test_MagicalGirl/Anim/Mixamo_Rifle_Punch_Montage.uasset" 174
"../../../../../GameDesign/MGJ2025_MGSStealthGame/Content/Materials/Walls/M_CelShadeSimple_Wall_01.uasset" 175
"../../../../../GameDesign/MGJ2025_MGSStealthGame/Content/Models/Walls/SM_DoorWay_02_2M_Tall.uasset" 176
"../../../../../GameDesign/MGJ2025_MGSStealthGame/Content/Materials/Walls/M_CelShadeSimple_Wall_02.uasset" 177
"../../../../../GameDesign/MGJ2025_MGSStealthGame/Content/Models/Walls/SM_WallCorner_01_2M_Tall.uasset" 178
"../../../../../GameDesign/MGJ2025_MGSStealthGame/Content/Models/Walls/SM_Wall_02_2M_Tall.uasset" 179
"../../../../../GameDesign/MGJ2025_MGSStealthGame/Content/Models/Warehouse/T_ShippingContainer_01.uasset" 180
"../../../../../GameDesign/MGJ2025_MGSStealthGame/Content/Models/Warehouse/M_ShippingContainer_03.uasset" 181
"../../../Engine/Content/Functions/Engine_MaterialFunctions02/SplitComponents.uasset" 182
"../../../../../GameDesign/MGJ2025_MGSStealthGame/Content/PSX_Content/MPC_GlobalParam.uasset" 183
"../../../../../GameDesign/MGJ2025_MGSStealthGame/Content/PSX_Content/MF_VertexJitter.uasset" 184
"../../../../../GameDesign/MGJ2025_MGSStealthGame/Content/PSX_Content/Water/T_PSX_Caustics_Atlas.uasset" 185
"../../../../../GameDesign/MGJ2025_MGSStealthGame/Content/PSX_Content/Water/M_Water_PS1.uasset" 186
"../../../../../GameDesign/MGJ2025_MGSStealthGame/Content/PSX_Content/Water/MI_Water_PS1_Yellow_01.uasset" 187
"../../../../../GameDesign/MGJ2025_MGSStealthGame/Content/PSX_Content/Water/MI_Water_PS1_Blue_01.uasset" 188
"../../../../../GameDesign/MGJ2025_MGSStealthGame/Content/PSX_Content/Water/MI_Water_PS1_Blue_02.uasset" 189
"../../../../../GameDesign/MGJ2025_MGSStealthGame/Content/PSX_Content/Water/SM_PSX_Water.uasset" 190
"../../../Engine/Content/Animation/DefaultAnimCurveCompressionSettings.uasset" 191
"../../../Engine/Content/Functions/Engine_MaterialFunctions01/Opacity/CameraDepthFade.uasset" 192
"../../../Engine/Content/EngineMaterials/T_Default_Material_Grid_M.uasset" 193
"../../../Engine/Content/EngineMaterials/T_Default_Material_Grid_N.uasset" 194
"../../../Engine/Content/EngineMaterials/WorldGridMaterial.uasset" 195
"../../../Engine/Content/ArtTools/RenderToTexture/Meshes/S_1_Unit_Plane.uasset" 196
"../../../Engine/Content/EditorLandscapeResources/DataLayer.uasset" 197
"../../../Engine/Content/EditorMaterials/GizmoMaterial.uasset" 198
"../../../Engine/Content/EditorMaterials/MAT_Groups_Toggle.uasset" 199
"../../../Engine/Content/EditorMaterials/MAT_Groups_Visibility.uasset" 200
"../../../Engine/Content/EditorMaterials/PreviewShadowIndicator.uasset" 201
"../../../Engine/Content/EditorMaterials/PreviewShadowIndicatorMaterial.uasset" 202
"../../../Engine/Content/EditorMaterials/MatineeGroups/MAT_ColorTrack.uasset" 203
"../../../Engine/Content/EditorMaterials/MatineeGroups/MAT_Groups_Anim.uasset" 204
"../../../Engine/Content/EditorMaterials/MatineeGroups/MAT_Groups_AudioMaster.uasset" 205
"../../../Engine/Content/EditorMaterials/MatineeGroups/MAT_Groups_Director.uasset" 206
"../../../Engine/Content/EditorMaterials/MatineeGroups/MAT_Groups_Event.uasset" 207
"../../../Engine/Content/EditorMaterials/MatineeGroups/MAT_Groups_Fade.uasset" 208
"../../../Engine/Content/EditorMaterials/MatineeGroups/MAT_Groups_Float.uasset" 209
"../../../Engine/Content/EditorMaterials/MatineeGroups/MAT_Groups_Move.uasset" 210
"../../../Engine/Content/EditorMaterials/MatineeGroups/MAT_Groups_Slomo.uasset" 211
"../../../Engine/Content/EditorMaterials/MatineeGroups/MAT_Groups_Sound.uasset" 212
"../../../Engine/Content/EditorMaterials/MatineeGroups/MAT_Groups_Vector.uasset" 213
"../../../Engine/Content/EditorMaterials/ParticleSystems/PSysThumbnail_NoImage.uasset" 214
"../../../Engine/Content/EditorMaterials/ParticleSystems/PSysThumbnail_OOD.uasset" 215
"../../../Engine/Content/EditorMaterials/Camera/CineMat.uasset" 216
"../../../Engine/Content/EditorMaterials/Camera/MI_CineMat_Rig.uasset" 217
"../../../Engine/Content/EditorMeshes/Camera/SM_CraneRig_Arm.uasset" 218
"../../../Engine/Content/EditorMeshes/Camera/SM_CraneRig_Base.uasset" 219
"../../../Engine/Content/EditorMeshes/Camera/SM_CraneRig_Body.uasset" 220
"../../../Engine/Content/EditorMeshes/Camera/SM_CraneRig_Mount.uasset" 221
"../../../Engine/Content/EditorMeshes/Camera/SM_RailRig_Mount.uasset" 222
"../../../Engine/Content/EditorMeshes/Camera/SM_RailRig_Track.uasset" 223
"../../../Engine/Content/EditorResources/BSPVertex.uasset" 224
"../../../Engine/Content/EditorResources/EmptyActor.uasset" 225
"../../../Engine/Content/EditorResources/S_Actor.uasset" 226
"../../../Engine/Content/EditorResources/S_Note.uasset" 227
"../../../Engine/Content/EditorResources/S_Solver.uasset" 228
"../../../Engine/Content/EditorResources/S_Trigger.uasset" 229
"../../../Engine/Content/EditorResources/LightIcons/S_LightError.uasset" 230
"../../../Engine/Content/EditorResources/SequenceRecorder/Countdown.uasset" 231
"../../../Engine/Content/EditorResources/SequenceRecorder/RecordingIndicator.uasset" 232
"../../../Engine/Content/EditorSounds/Notifications/CompileFailed.uasset" 233
"../../../Engine/Content/EditorSounds/Notifications/CompileFailed_Cue.uasset" 234
"../../../Engine/Content/EditorSounds/Notifications/CompileSuccess.uasset" 235
"../../../Engine/Content/EditorSounds/Notifications/CompileStart_Cue.uasset" 236
"../../../Engine/Content/EditorSounds/Notifications/CompileSuccess_Cue.uasset" 237
"../../../Engine/Content/EngineDamageTypes/DmgTypeBP_Environmental.uasset" 238
"../../../Engine/Content/EngineDebugMaterials/HeatmapGradient.uasset" 239
"../../../Engine/Content/EngineDebugMaterials/BoneWeightMaterial.uasset" 240
"../../../Engine/Content/EngineDebugMaterials/ClothMaterial.uasset" 241
"../../../Engine/Content/EngineDebugMaterials/ClothMaterial_WF.uasset" 242
"../../../Engine/Content/EngineDebugMaterials/DebugEditorMaterial.uasset" 243
"../../../Engine/Content/EngineDebugMaterials/DebugMeshMaterial.uasset" 244
"../../../Engine/Content/EngineDebugMaterials/GeomMaterial.uasset" 245
"../../../Engine/Content/EngineDebugMaterials/M_SimpleTranslucent.uasset" 246
"../../../Engine/Content/Functions/Engine_MaterialFunctions02/Utility/CameraDirectionVector.uasset" 247
"../../../Engine/Content/EngineDebugMaterials/VolumeToRender.uasset" 248
"../../../Engine/Content/EngineDebugMaterials/M_VolumeRenderSphereTracePP.uasset" 249
"../../../Engine/Content/EngineDebugMaterials/WireframeMaterial.uasset" 250
"../../../Engine/Content/EngineFonts/Faces/RobotoBold.uasset" 251
"../../../Engine/Content/EngineFonts/Faces/RobotoBoldItalic.uasset" 252
"../../../Engine/Content/EngineFonts/Faces/RobotoItalic.uasset" 253
"../../../Engine/Content/EngineFonts/Faces/RobotoLight.uasset" 254
"../../../Engine/Content/EngineFonts/Faces/RobotoRegular.uasset" 255
"../../../Engine/Content/EngineFonts/Roboto.uasset" 256
"../../../Engine/Content/EngineMaterials/BaseFlattenDiffuseMap.uasset" 257
"../../../Engine/Content/EngineMaterials/BaseFlattenEmissiveMap.uasset" 258
"../../../Engine/Content/EngineMaterials/BaseFlattenGrayscaleMap.uasset" 259
"../../../Engine/Content/EngineMaterials/BaseFlattenNormalMap.uasset" 260
"../../../Engine/Content/EngineMaterials/BaseFlattenMaterial.uasset" 261
"../../../Engine/Content/EngineMaterials/BlueNoise.uasset" 262
"../../../Engine/Content/EngineMaterials/DefaultBloomKernel.uasset" 263
"../../../Engine/Content/EngineMaterials/DefaultBokeh.uasset" 264
"../../../Engine/Content/EngineMaterials/DefaultDeferredDecalMaterial.uasset" 265
"../../../Engine/Content/EngineMaterials/DefaultLightFunctionMaterial.uasset" 266
"../../../Engine/Content/EngineMaterials/DefaultPhysicalMaterial.uasset" 267
"../../../Engine/Content/Functions/Engine_MaterialFunctions02/Utility/BreakOutFloat2Components.uasset" 268
"../../../Engine/Content/EngineMaterials/DefaultPostProcessMaterial.uasset" 269
"../../../Engine/Content/EngineMaterials/DefaultTextMaterialOpaque.uasset" 270
"../../../Engine/Content/EngineMaterials/DefaultVirtualTextureMaterial.uasset" 271
"../../../Engine/Content/EngineMaterials/DefaultWhiteGrid.uasset" 272
"../../../Engine/Content/EngineMaterials/EditorBrushMaterial.uasset" 273
"../../../Engine/Content/EngineMaterials/DefaultWhiteGrid_Low.uasset" 274
"../../../Engine/Content/EngineMaterials/EmissiveMeshMaterial.uasset" 275
"../../../Engine/Content/EngineMaterials/MiniFont.uasset" 276
"../../../Engine/Content/EngineMaterials/InvalidLightmapSettings.uasset" 277
"../../../Engine/Content/EngineMaterials/M_InvalidLightmapSettings.uasset" 278
"../../../Engine/Content/Functions/Engine_MaterialFunctions02/WorldPositionOffset/CameraOffset.uasset" 279
"../../../Engine/Content/EngineMaterials/PhAT_JointLimitMaterial.uasset" 280
"../../../Engine/Content/EngineMaterials/PreintegratedSkinBRDF.uasset" 281
"../../../Engine/Content/EngineMaterials/RemoveSurfaceMaterial.uasset" 282
"../../../Engine/Content/EngineMaterials/WeightMapPlaceholderTexture.uasset" 283
"../../../Engine/Content/EngineResources/WhiteSquareTexture.uasset" 284
"../../../Engine/Content/EngineMaterials/Widget3DPassThrough.uasset" 285
"../../../Engine/Content/EngineMaterials/Widget3DPassThrough_Masked.uasset" 286
"../../../Engine/Content/EngineMaterials/Widget3DPassThrough_Opaque.uasset" 287
"../../../Engine/Content/EngineMaterials/Widget3DPassThrough_Masked_OneSided.uasset" 288
"../../../Engine/Content/EngineMaterials/Widget3DPassThrough_Opaque_OneSided.uasset" 289
"../../../Engine/Content/EngineMaterials/Widget3DPassThrough_Translucent.uasset" 290
"../../../Engine/Content/EngineMaterials/Widget3DPassThrough_Translucent_OneSided.uasset" 291
"../../../Engine/Content/EngineMaterials/DefaultMaterial.uasset" 292
"../../../Engine/Content/EngineMeshes/Cylinder.uasset" 293
"../../../Engine/Content/EngineMeshes/Sphere.uasset" 294
"../../../Engine/Content/EngineResources/Black.uasset" 295
"../../../Engine/Content/EngineResources/DefaultTexture.uasset" 296
"../../../Engine/Content/EngineResources/DefaultTextureCube.uasset" 297
"../../../Engine/Content/EngineResources/DefaultVolumeTexture2D.uasset" 298
"../../../Engine/Content/EngineResources/DefaultVolumeTexture.uasset" 299
"../../../Engine/Content/EngineResources/GradientTexture0.uasset" 300
"../../../Engine/Content/EngineSounds/Master.uasset" 301
"../../../Engine/Content/Functions/Engine_MaterialFunctions01/Shading/ConvertFromDiffSpec.uasset" 302
"../../../Engine/Content/Functions/Engine_MaterialFunctions01/Shading/PowerToRoughness.uasset" 303
"../../../Engine/Content/Maps/Templates/Thumbnails/Default.uasset" 304
"../../../Engine/Content/Maps/Templates/Thumbnails/VR-Basic.uasset" 305
"../../../Engine/Content/MobileResources/T_MobileControls_texture.uasset" 306
"../../../Engine/Content/MobileResources/T_MobileMenu2.uasset" 307
"../../../Engine/Content/MobileResources/HUD/AnalogHat.uasset" 308
"../../../Engine/Content/MobileResources/HUD/VirtualJoystick_Background.uasset" 309
"../../../Engine/Content/MobileResources/HUD/VirtualJoystick_Thumb.uasset" 310
"../../../Engine/Content/MobileResources/HUD/DefaultVirtualJoysticks.uasset" 311
"../../../Engine/Content/MobileResources/HUD/LeftVirtualJoystickOnly.uasset" 312
"../../../Engine/Content/MobileResources/HUD/MobileHUDButton1_off.uasset" 313
"../../../Engine/Content/MobileResources/HUD/MobileHUDButton1_on.uasset" 314
"../../../Engine/Content/MobileResources/HUD/MobileHUDButton2_off.uasset" 315
"../../../Engine/Content/MobileResources/HUD/MobileHUDButton2_on.uasset" 316
"../../../Engine/Content/MobileResources/HUD/MobileHUDButton3.uasset" 317
"../../../Engine/Content/MobileResources/HUD/MobileHUDButtonFire.uasset" 318
"../../../Engine/Content/MobileResources/HUD/MobileHUDDirectionPad.uasset" 319
"../../../Engine/Content/MobileResources/HUD/MobileHUDDirectionPad2.uasset" 320
"../../../Engine/Content/MobileResources/HUD/MobileHUDDirectionPad3.uasset" 321
"../../../Engine/Content/MobileResources/HUD/MobileHUDDirectionStick.uasset" 322
"../../../Engine/Content/MobileResources/HUD/T_Castle_ThumbstickInner.uasset" 323
"../../../Engine/Content/MobileResources/HUD/T_Castle_ThumbstickOutter.uasset" 324
"../../../Engine/Content/Tutorial/ContentIntroCurve.uasset" 325
"../../../Engine/Content/Tutorial/Basics/LevelEditorAttract.uasset" 326
"../../../Engine/Content/Tutorial/Installation/InstallingVisualStudioTutorial.uasset" 327
"../../../Engine/Content/VREditor/Sounds/UI/Click_on_Button.uasset" 328
"../../../Engine/Content/VREditor/LaserPointer/VR_LaserPower_01.uasset" 329
"../../../Engine/Content/VREditor/TransformGizmo/TransformGizmoMaterial.uasset" 330
"../../../Engine/Content/VREditor/TransformGizmo/TranslucentTransformGizmoMaterial.uasset" 331
"../../../Engine/Content/VREditor/TransformGizmo/BoundingBoxCorner.uasset" 332
"../../../Engine/Content/VREditor/TransformGizmo/BoundingBoxEdge.uasset" 333
"../../../Engine/Content/VREditor/TransformGizmo/PlaneTranslationHandle.uasset" 334
"../../../Engine/Content/VREditor/TransformGizmo/Main.uasset" 335
"../../../Engine/Content/VREditor/TransformGizmo/Xray.uasset" 336
"../../../Engine/Content/VREditor/TransformGizmo/SM_Sequencer_Key.uasset" 337
"../../../Engine/Content/VREditor/TransformGizmo/SM_Sequencer_Node.uasset" 338
"../../Plugins/2D/Paper2D/Content/PlaceholderTextures/DummySpriteTexture.uasset" 339
"../../Plugins/2D/Paper2D/Content/DummySprite.uasset" 340
"../../Plugins/2D/Paper2D/Content/DefaultPaperTerrainMaterial.uasset" 341
"../../Plugins/2D/Paper2D/Content/DummySpriteTexture.uasset" 342
"../../Plugins/2D/Paper2D/Content/DefaultSpriteMaterial.uasset" 343
"../../Plugins/2D/Paper2D/Content/MaskedUnlitSpriteMaterial.uasset" 344
"../../Plugins/2D/Paper2D/Content/OpaqueUnlitSpriteMaterial.uasset" 345
"../../Plugins/Runtime/Oculus/OculusVR/Content/OculusMR_RenderTarget.uasset" 346
"../../../Engine/Content/Functions/Engine_MaterialFunctions02/Utility/BreakOutFloat4Components.uasset" 347
"../../../Engine/Content/Functions/Engine_MaterialFunctions02/Utility/MakeFloat3.uasset" 348
"../../Plugins/Runtime/Oculus/OculusVR/Content/Materials/OculusMR_ChromaKey.uasset" 349
"../../Plugins/Runtime/Oculus/OculusVR/Content/Materials/OculusMR_ChromaKey_Lit.uasset" 350
"../../Plugins/Runtime/Oculus/OculusVR/Content/Materials/OculusMR_OpaqueColoredMaterial.uasset" 351
"../../Plugins/Runtime/Oculus/OculusVR/Content/Materials/OculusMR_WhiteMaterial.uasset" 352
"../../../../../GameDesign/MGJ2025_MGSStealthGame/Content/Models/Skeletal/Test_MagicalGirl/Anim/Mixamo_ShootingComposite_01.uasset" 353
"../../../../../GameDesign/MGJ2025_MGSStealthGame/Content/Models/Skeletal/Test_MagicalGirl/Anim/Montage_TestGirl_Shooting_x3.uasset" 354
"../../../../../GameDesign/MGJ2025_MGSStealthGame/Content/Blueprints/Enemy/BP_Enemy_Child_Range.uasset" 355
"../../../Engine/Content/EngineSky/C_Sky_Cloud_Color.uasset" 356
"../../../Engine/Content/EngineSky/C_Sky_Horizon_Color.uasset" 357
"../../../Engine/Content/EngineSky/C_Sky_Zenith_Color.uasset" 358
"../../../Engine/Content/EngineSky/T_Sky_Blue.uasset" 359
"../../../Engine/Content/EngineSky/T_Sky_Clouds_M.uasset" 360
"../../../Engine/Content/EngineSky/T_Sky_Stars.uasset" 361
"../../../Engine/Content/EngineSky/M_Sky_Panning_Clouds2.uasset" 362
"../../../Engine/Content/EngineSky/SM_SkySphere.uasset" 363
"../../../Engine/Content/EngineSky/BP_Sky_Sphere.uasset" 364
"../../../Engine/Content/BasicShapes/Cube.uasset" 365
"../../../../../GameDesign/MGJ2025_MGSStealthGame/Content/Blueprints/DamageSystem/BP_DamageFloor.uasset" 366
"../../../../../GameDesign/MGJ2025_MGSStealthGame/Content/Blueprints/LevelTransition/E_LevelList.uasset" 367
"../../../../../GameDesign/MGJ2025_MGSStealthGame/Content/Blueprints/LevelTransition/E_LevelSpawnPoints.uasset" 368
"../../../../../GameDesign/MGJ2025_MGSStealthGame/Content/Blueprints/LevelTransition/BP_LevelTransition.uasset" 369
"../../../../../GameDesign/MGJ2025_MGSStealthGame/Content/Blueprints/PlayerCharacter/BP_CrawlCameraActivate.uasset" 370
"../../../../../GameDesign/MGJ2025_MGSStealthGame/Content/Blueprints/PlayerCharacter/BP_WallCamera.uasset" 371
"../../../../../GameDesign/MGJ2025_MGSStealthGame/Content/Maps/00_Test_01_BuiltData.uasset" 372
"../../../../../GameDesign/MGJ2025_MGSStealthGame/Content/Materials/CelShader/MaterialInstances/M_CelShade_Pink_001.uasset" 373
"../../../../../GameDesign/MGJ2025_MGSStealthGame/Content/Textures/T_Black.uasset" 374
"../../../../../GameDesign/MGJ2025_MGSStealthGame/Content/Materials/Decals/M_Decal_Parent.uasset" 375
"../../../../../GameDesign/MGJ2025_MGSStealthGame/Content/Materials/Decals/MI_Decal_ShadowSquare.uasset" 376
"../../../../../GameDesign/MGJ2025_MGSStealthGame/Content/Textures/Wall/T_Wall_metalgen4.uasset" 377
"../../../../../GameDesign/MGJ2025_MGSStealthGame/Content/Materials/Walls/M_CelShadeSimple_Wall_04.uasset" 378
"../../../Engine/Content/Functions/Engine_MaterialFunctions02/ScreenResolution.uasset" 379
"../../../../../GameDesign/MGJ2025_MGSStealthGame/Content/PSX_Content/PP_PSX.uasset" 380
"../../../../../GameDesign/MGJ2025_MGSStealthGame/Content/PSX_Content/PP_Instance_PSX_01.uasset" 381
"../../../Engine/Content/BasicShapes/Cone.uasset" 382
"../../../Engine/Content/BasicShapes/Cylinder.uasset" 383
"../../../Engine/Content/MapTemplates/SM_Template_Map_Floor.uasset" 384
"../../../../../GameDesign/MGJ2025_MGSStealthGame/Content/Models/Walls/SM_Wall_01_4M_Tall.uasset" 385
"../../../../../GameDesign/MGJ2025_MGSStealthGame/Content/Maps/00_Test_01.umap" 386
"../../../../../GameDesign/MGJ2025_MGSStealthGame/Content/Maps/00_Test_02_BuiltData.uasset" 387
"../../../Engine/Content/BasicShapes/BasicShapeMaterial.uasset" 388
"../../../../../GameDesign/MGJ2025_MGSStealthGame/Content/Maps/00_Test_02.umap" 389
"../../../../../GameDesign/MGJ2025_MGSStealthGame/Content/Maps/00_Test_03.umap" 390
"../../../../../GameDesign/MGJ2025_MGSStealthGame/Content/Materials/Glows/M_Glow.uasset" 391
"../../../../../GameDesign/MGJ2025_MGSStealthGame/Content/Materials/Glows/MI_Glow_Blue_01.uasset" 392
"../../../../../GameDesign/MGJ2025_MGSStealthGame/Content/Materials/Glows/MI_Glow_Green_01.uasset" 393
"../../../../../GameDesign/MGJ2025_MGSStealthGame/Content/Materials/Glows/MI_Glow_Red_01.uasset" 394
"../../../../../GameDesign/MGJ2025_MGSStealthGame/Content/Materials/Glows/MI_Glow_Yellow_01.uasset" 395
"../../../Engine/Content/BasicShapes/Plane.uasset" 396
"../../../Engine/Content/BasicShapes/Sphere.uasset" 397
"../../../../../GameDesign/MGJ2025_MGSStealthGame/Content/Blueprints/Doors/E_DoorTypes.uasset" 398
"../../../../../GameDesign/MGJ2025_MGSStealthGame/Content/Textures/Wall/T_Wall_Door_01.uasset" 399
"../../../../../GameDesign/MGJ2025_MGSStealthGame/Content/Materials/Walls/M_CelShadeSimple_Door_01.uasset" 400
"../../../../../GameDesign/MGJ2025_MGSStealthGame/Content/Models/Walls/SM_Door_01.uasset" 401
"../../../../../GameDesign/MGJ2025_MGSStealthGame/Content/Blueprints/Doors/BP_Door_Parent.uasset" 402
"../../../../../GameDesign/MGJ2025_MGSStealthGame/Content/Maps/02_03_SentaiBossRoom_BuiltData.uasset" 403
"../../../../../GameDesign/MGJ2025_MGSStealthGame/Content/Materials/M_Black.uasset" 404
"../../../../../GameDesign/MGJ2025_MGSStealthGame/Content/Textures/Wall/T_Wall_metalgen3.uasset" 405
"../../../../../GameDesign/MGJ2025_MGSStealthGame/Content/Materials/Walls/M_CelShadeSimple_Wall_03.uasset" 406
"../../../../../GameDesign/MGJ2025_MGSStealthGame/Content/Textures/Wall/T_Wall_metalgen5.uasset" 407
"../../../../../GameDesign/MGJ2025_MGSStealthGame/Content/Materials/Walls/M_CelShadeSimple_Wall_05.uasset" 408
"../../../../../GameDesign/MGJ2025_MGSStealthGame/Content/Models/Warehouse/M_ShippingContainer_01.uasset" 409
"../../../../../GameDesign/MGJ2025_MGSStealthGame/Content/Models/Warehouse/M_ShippingContainer_02.uasset" 410
"../../../../../GameDesign/MGJ2025_MGSStealthGame/Content/Models/Walls/SM_DoorWay_01_4M_Tall.uasset" 411
"../../../../../GameDesign/MGJ2025_MGSStealthGame/Content/Models/Walls/SM_WallCorner_01_4M_Tall.uasset" 412
"../../../../../GameDesign/MGJ2025_MGSStealthGame/Content/Models/Warehouse/SM_ShippingContainer_01.uasset" 413
"../../../../../GameDesign/MGJ2025_MGSStealthGame/Content/Maps/02_03_SentaiBossRoom.umap" 414
"../../../../../GameDesign/MGJ2025_MGSStealthGame/Content/Blueprints/GameMode/BPGameMode_Parent.uasset" 415
"../../../../../GameDesign/MGJ2025_MGSStealthGame/Content/Blueprints/BPGameMode_Parent.uasset" 416
"../../../../../GameDesign/MGJ2025_MGSStealthGame/Content/Maps/Malhar_TestMap.umap" 417
"../../../../../GameDesign/MGJ2025_MGSStealthGame/Content/Maps/NewMap.umap" 418
"../../../Engine/Content/Maps/Entry_BuiltData.uasset" 419
"../../../Engine/Content/Maps/Entry.umap" 420
"../../../Engine/Content/Maps/Templates/Template_Default_BuiltData.uasset" 421
"../../../Engine/Content/Maps/Templates/Template_Default.umap" 422
